<?xml version="1.0" encoding="UTF-8"?>
<!-- Generated by org.testng.reporters.JUnitReportReporter -->
<testsuite skipped="0" hostname="master" name="TestNG.phpwebsite" tests="1" failures="0" timestamp="2019-10-11T19:36:53 IST" time="4.426" errors="0">
  <testcase name="verifyphpwebsite" time="4.426" classname="TestNG.phpwebsite"/>
</testsuite> <!-- TestNG.phpwebsite -->
